Arguments: 
  D:\workSoft\node\node.exe D:\workSoft\node\node_global\node_modules\yarn\bin\yarn.js init

PATH: 
  C:\Windows\system32;C:\Windows;C:\Windows\System32\Wbem;C:\Windows\System32\WindowsPowerShell\v1.0\;C:\Windows\System32\OpenSSH\;D:\workSoft\vscode\Microsoft VS Code\bin;D:\workSoft\node\;D:\workSoft\git\Git\cmd;C:\Users\hp\AppData\Local\Microsoft\WindowsApps;D:\workSoft\node\node_global;;D:\idea\IntelliJ IDEA Community Edition 2020.3.2\bin;;C:\Users\hp\AppData\Local\Programs\Fiddler

Yarn version: 
  1.22.10

Node version: 
  14.15.4

Platform: 
  win32 x64

Trace: 
  Error: canceled
      at Interface.<anonymous> (D:\workSoft\node\node_global\node_modules\yarn\lib\cli.js:136216:13)
      at Interface.emit (events.js:315:20)
      at Interface._ttyWrite (readline.js:875:16)
      at ReadStream.onkeypress (readline.js:213:10)
      at ReadStream.emit (events.js:315:20)
      at emitKeys (internal/readline/utils.js:345:14)
      at emitKeys.next (<anonymous>)
      at ReadStream.onData (readline.js:1144:36)
      at ReadStream.emit (events.js:315:20)
      at addChunk (internal/streams/readable.js:309:12)

npm manifest: 
  {
    "name": "firststep",
    "version": "0.0.0",
    "scripts": {
      "dev": "vite",
      "build": "vue-tsc --noEmit && vite build",
      "serve": "vite preview"
    },
    "dependencies": {
      "axios": "^0.21.1",
      "element-plus": "^1.0.2-beta.55",
      "vue": "^3.0.5",
      "vue-router": "^4.0.10",
      "vuex": "^4.0.2"
    },
    "devDependencies": {
      "@vitejs/plugin-vue": "^1.2.5",
      "@vue/compiler-sfc": "^3.0.5",
      "eslint": "^7.31.0",
      "prettier": "^2.3.2",
      "sass": "^1.35.2",
      "typescript": "^4.3.2",
      "vite": "^2.4.3",
      "vue-tsc": "^0.0.24"
    }
  }

yarn manifest: 
  No manifest

Lockfile: 
  No lockfile
